<?xml version='1.0' encoding='UTF-8'?>
<testsuite hostname="shehrozbaloch-thinkpad-x250" name="pipeline.toptest" tests="1" errors="0" failures="1" skipped="0" time="2.264" timestamp="2023-12-13T14:49:57">
                     <properties>
      <property name="awt.toolkit" value="sun.awt.X11.XToolkit"/><property name="java.specification.version" value="11"/><property name="sun.cpu.isalist" value=""/><property name="sun.jnu.encoding" value="UTF-8"/><property name="sun.arch.data.model" value="64"/><property name="java.vendor.url" value="https://ubuntu.com/"/><property name="sun.boot.library.path" value="/usr/lib/jvm/java-11-openjdk-amd64/lib"/><property name="sun.java.command" value="/home/shehroz/.cache/sbt/boot/sbt-launch/1.9.7/sbt-launch-1.9.7.jar"/><property name="jdk.debug" value="release"/><property name="java.specification.vendor" value="Oracle Corporation"/><property name="java.version.date" value="2023-10-17"/><property name="java.home" value="/usr/lib/jvm/java-11-openjdk-amd64"/><property name="file.separator" value="/"/><property name="java.vm.compressedOopsMode" value="32-bit"/><property name="line.separator" value="
"/><property name="java.specification.name" value="Java Platform API Specification"/><property name="java.vm.specification.vendor" value="Oracle Corporation"/><property name="sun.management.compiler" value="HotSpot 64-Bit Tiered Compilers"/><property name="java.runtime.version" value="11.0.21+9-post-Ubuntu-0ubuntu122.04"/><property name="user.name" value="ruba"/><property name="log4j.ignoreTCL" value="true"/><property name="file.encoding" value="UTF-8"/><property name="jnidispatch.path" value="/home/shehroz/.cache/JNA/temp/jna12441747639923591401.tmp"/><property name="jna.loaded" value="true"/><property name="java.io.tmpdir" value="/tmp"/><property name="java.version" value="11.0.21"/><property name="java.vm.specification.name" value="Java Virtual Machine Specification"/><property name="java.awt.printerjob" value="sun.print.PSPrinterJob"/><property name="sun.os.patch.level" value="unknown"/><property name="java.library.path" value="/usr/java/packages/lib:/usr/lib/x86_64-linux-gnu/jni:/lib/x86_64-linux-gnu:/usr/lib/x86_64-linux-gnu:/usr/lib/jni:/lib:/usr/lib"/><property name="java.vendor" value="Ubuntu"/><property name="java.specification.maintenance.version" value="2"/><property name="scala.ext.dirs" value="/home/shehroz/.sbt/1.0/java9-rt-ext-ubuntu_11_0_21"/><property name="sun.io.unicode.encoding" value="UnicodeLittle"/><property name="sun.desktop" value="gnome"/><property name="java.class.path" value="/home/shehroz/.cache/sbt/boot/sbt-launch/1.9.7/sbt-launch-1.9.7.jar"/><property name="java.vm.vendor" value="Ubuntu"/><property name="jline.shutdownhook" value="false"/><property name="user.timezone" value="Asia/Karachi"/><property name="os.name" value="Linux"/><property name="java.vm.specification.version" value="11"/><property name="sun.java.launcher" value="SUN_STANDARD"/><property name="user.country" value="US"/><property name="sun.cpu.endian" value="little"/><property name="user.home" value="/home/shehroz"/><property name="user.language" value="en"/><property name="sbt.script" value="/usr/bin/sbt"/><property name="swoval.tmpdir" value="/home/shehroz/.sbt/1.0"/><property name="java.awt.graphicsenv" value="sun.awt.X11GraphicsEnvironment"/><property name="jline.esc.timeout" value="0"/><property name="path.separator" value=":"/><property name="os.version" value="6.2.0-37-generic"/><property name="jna.nosys" value="true"/><property name="java.runtime.name" value="OpenJDK Runtime Environment"/><property name="java.vm.name" value="OpenJDK 64-Bit Server VM"/><property name="jna.platform.library.path" value="/usr/lib/x86_64-linux-gnu:/lib/x86_64-linux-gnu:/usr/lib64:/lib64:/usr/lib:/lib:/usr/lib/x86_64-linux-gnu/libfakeroot"/><property name="java.vendor.url.bug" value="https://bugs.launchpad.net/ubuntu/+source/openjdk-lts"/><property name="user.dir" value="/home/shehroz/5 stage pipielining processor"/><property name="os.arch" value="amd64"/><property name="java.vm.info" value="mixed mode, sharing"/><property name="java.vm.version" value="11.0.21+9-post-Ubuntu-0ubuntu122.04"/><property name="java.class.version" value="55.0"/>
    </properties>
                     <testcase classname="pipeline.toptest" name="Chisel Tester File toptest" time="2.264">
                                                 <failure message="Connection between sink (UInt&lt;32&gt;(IO in unelaborated mem)) and source (UInt&lt;8&gt;[4](IO io_out in datamemory)) failed @: Sink (UInt&lt;32&gt;(IO in unelaborated mem)) and Source (UInt&lt;8&gt;[4](IO io_out in datamemory)) have different types." type="chisel3.internal.ChiselException">chisel3.internal.ChiselException: Connection between sink (UInt&lt;32&gt;(IO in unelaborated mem)) and source (UInt&lt;8&gt;[4](IO io_out in datamemory)) failed @: Sink (UInt&lt;32&gt;(IO in unelaborated mem)) and Source (UInt&lt;8&gt;[4](IO io_out in datamemory)) have different types.
	at ... ()
	at pipeline.mem.&lt;init&gt;(mem.scala:285)
	at pipeline.topcore.$anonfun$memmod$2(topcore.scala:22)
	at chisel3.Module$.do_apply(Module.scala:54)
	at pipeline.topcore.$anonfun$memmod$1(topcore.scala:22)
	at chisel3.internal.plugin.package$.autoNameRecursively(package.scala:52)
	at pipeline.topcore.&lt;init&gt;(topcore.scala:22)
	at pipeline.toptest.$anonfun$new$2(toptest.scala:8)
	at ... ()
	at ... (Stack trace trimmed to user code only. Rerun with --full-stacktrace to see the full stack trace)
</failure>
                                               </testcase>
                     <system-out><![CDATA[]]></system-out>
                     <system-err><![CDATA[]]></system-err>
                   </testsuite>